c:\submitgit\project03\project_1\project1\x64\debug\vc143.pdb
c:\submitgit\project03\project_1\project1\x64\debug\vc143.idb
c:\users\김현수\onedrive - 홍익대학교\목요일\project1\x64\debug\vc143.pdb
c:\users\김현수\onedrive - 홍익대학교\목요일\project1\x64\debug\vc143.idb
c:\submitgit\목요일\project1\x64\debug\vc143.pdb
c:\submitgit\목요일\project1\x64\debug\vc143.idb
c:\submitgit\목요일\project1\x64\debug\logout.obj
c:\submitgit\목요일\project1\x64\debug\loginui.obj
c:\submitgit\목요일\project1\x64\debug\login.obj
c:\submitgit\목요일\project1\x64\debug\getgeneralapplycountui.obj
c:\submitgit\목요일\project1\x64\debug\getgeneralapplycount.obj
c:\submitgit\목요일\project1\x64\debug\getapplycountui.obj
c:\submitgit\목요일\project1\x64\debug\getapplycount.obj
c:\submitgit\목요일\project1\x64\debug\generalmember.obj
c:\submitgit\목요일\project1\x64\debug\findrecruitui.obj
c:\submitgit\목요일\project1\x64\debug\findrecruit.obj
c:\submitgit\목요일\project1\x64\debug\findapplyui.obj
c:\submitgit\목요일\project1\x64\debug\findapply.obj
c:\submitgit\목요일\project1\x64\debug\companymember.obj
c:\submitgit\목요일\project1\x64\debug\cancelapplyui.obj
c:\submitgit\목요일\project1\x64\debug\cancelapply.obj
c:\submitgit\목요일\project1\x64\debug\applyrecruitui.obj
c:\submitgit\목요일\project1\x64\debug\applyrecruit.obj
c:\submitgit\목요일\project1\x64\debug\apply.obj
c:\submitgit\목요일\project1\x64\debug\addrecruitui.obj
c:\submitgit\목요일\project1\x64\debug\addrecruit.obj
c:\submitgit\목요일\project1\x64\debug\withdrawui.obj
c:\submitgit\목요일\project1\x64\debug\withdraw.obj
c:\submitgit\목요일\project1\x64\debug\signupui.obj
c:\submitgit\목요일\project1\x64\debug\signup.obj
c:\submitgit\목요일\project1\x64\debug\showrecruitlistui.obj
c:\submitgit\목요일\project1\x64\debug\showrecruitlist.obj
c:\submitgit\목요일\project1\x64\debug\recruit.obj
c:\submitgit\목요일\project1\x64\debug\member.obj
c:\submitgit\목요일\project1\x64\debug\main.obj
c:\submitgit\목요일\project1\x64\debug\logoutui.obj
c:\submitgit\목요일\x64\debug\project1.exe
c:\submitgit\목요일\project1\x64\debug\project1.ilk
c:\submitgit\목요일\x64\debug\project1.pdb
c:\submitgit\목요일\project1\x64\debug\project1.tlog\cl.command.1.tlog
c:\submitgit\목요일\project1\x64\debug\project1.tlog\cl.items.tlog
c:\submitgit\목요일\project1\x64\debug\project1.tlog\cl.read.1.tlog
c:\submitgit\목요일\project1\x64\debug\project1.tlog\cl.write.1.tlog
c:\submitgit\목요일\project1\x64\debug\project1.tlog\link.command.1.tlog
c:\submitgit\목요일\project1\x64\debug\project1.tlog\link.read.1.tlog
c:\submitgit\목요일\project1\x64\debug\project1.tlog\link.write.1.tlog
