  AddRecruit.cpp
  AddRecruitUI.cpp
  Apply.cpp
  ApplyRecruit.cpp
  ApplyRecruitUI.cpp
  CancelApply.cpp
  CancelApplyUI.cpp
C:\Users\suhyj\OneDrive - 홍익대학교\목요일\Project1\CancelApplyUI.cpp(8,18): warning C4473: 'fscanf_s': 서식 문자열에 대한 인수가 충분하게 전달되지 않았습니다.
C:\Users\suhyj\OneDrive - 홍익대학교\목요일\Project1\CancelApplyUI.cpp(8,18): message : 자리 표시자 및 해당 매개 변수에는 variadic 인수가 2개 필요하지만 1개가 제공되었습니다.
C:\Users\suhyj\OneDrive - 홍익대학교\목요일\Project1\CancelApplyUI.cpp(8,18): message : 누락된 variadic 인수 2이(가) 서식 문자열 '%s'에 필요합니다.
C:\Users\suhyj\OneDrive - 홍익대학교\목요일\Project1\CancelApplyUI.cpp(8,18): message : 이 인수는 버퍼 크기로 사용됩니다.
  CompanyMember.cpp
  FindApply.cpp
  FindApplyUI.cpp
  FindRecruit.cpp
  FindRecruitUI.cpp
  GeneralMember.cpp
  GetApplyCount.cpp
  GetApplyCountUI.cpp
  GetGeneralApplyCount.cpp
  GetGeneralApplyCountUI.cpp
  Login.cpp
  LoginUI.cpp
  Logout.cpp
  코드를 생성하고 있습니다...
  컴파일하고 있습니다...
  LogoutUI.cpp
  main.cpp
  Member.cpp
  Recruit.cpp
  ShowRecruitList.cpp
C:\Users\suhyj\OneDrive - 홍익대학교\목요일\Project1\ShowRecruitList.cpp(1,1): warning C4828: 파일에 0x12f 오프셋에서 시작하는 문자가 포함되어 있습니다. 이 문자는 현재 원본 문자 집합에서 잘못된 문자입니다(코드 페이지 949).
  ShowRecruitListUI.cpp
  SignUp.cpp
  SignUpUI.cpp
  Withdraw.cpp
  WithdrawUI.cpp
  코드를 생성하고 있습니다...
  LINK : C:\Users\suhyj\OneDrive - 홍익대학교\목요일\x64\Debug\Project1.exe을(를) 찾을 수 없거나 마지막 증분 링크에 의해 빌드되지 않았습니다. 전체 링크를 수행하고 있습니다.
  Project1.vcxproj -> C:\Users\suhyj\OneDrive - 홍익대학교\목요일\x64\Debug\Project1.exe
