  AddRecruit.cpp
  AddRecruitUI.cpp
  Apply.cpp
  ApplyRecruit.cpp
  ApplyRecruitUI.cpp
  CancelApply.cpp
  CancelApplyUI.cpp
  CompanyMember.cpp
  FindApply.cpp
  FindApplyUI.cpp
  FindRecruit.cpp
  FindRecruitUI.cpp
  GeneralMember.cpp
  GetApplyCount.cpp
  GetApplyCountUI.cpp
  GetGeneralApplyCount.cpp
  GetGeneralApplyCountUI.cpp
  Login.cpp
  LoginUI.cpp
  Logout.cpp
  코드를 생성하고 있습니다...
  컴파일하고 있습니다...
  LogoutUI.cpp
  main.cpp
  Member.cpp
  Recruit.cpp
  ShowRecruitList.cpp
C:\Users\qhdtj\Desktop\황진혁 주석 추가본\Project1\ShowRecruitList.cpp(1,1): warning C4828: 파일에 0x12f 오프셋에서 시작하는 문자가 포함되어 있습니다. 이 문자는 현재 원본 문자 집합에서 잘못된 문자입니다(코드 페이지 949).
  ShowRecruitListUI.cpp
  SignUp.cpp
  SignUpUI.cpp
  Withdraw.cpp
  WithdrawUI.cpp
  코드를 생성하고 있습니다...
C:\Users\qhdtj\Desktop\황진혁 주석 추가본\Project1\SignUp.cpp(24): warning C4715: 'SignUp::showNecessaryInfo': 모든 제어 경로에서 값을 반환하지는 않습니다.
  Project1.vcxproj -> C:\Users\qhdtj\Desktop\황진혁 주석 추가본\x64\Debug\Project1.exe
